<?xml version="1.0" encoding="UTF-8"?>
<!-- Generated by org.testng.reporters.JUnitReportReporter -->
<testsuite hostname="CQML1100" failures="0" tests="1" name="shop_pumper.Shop_class_Admin" time="76.547" errors="0" timestamp="2025-03-11T22:39:06 IST" skipped="0">
  <testcase classname="shop_pumper.Shop_class_Admin" name="main" time="76.547"/>
  <system-out/>
</testsuite> <!-- shop_pumper.Shop_class_Admin -->
