<?xml version="1.0" encoding="UTF-8"?>
<!-- Generated by org.testng.reporters.JUnitReportReporter -->
<testsuite hostname="CQML1100" failures="0" tests="1" name="shop_pumper.Store_pumper_offers" time="24.197" errors="0" timestamp="2025-03-11T22:53:05 IST" skipped="0">
  <testcase classname="shop_pumper.Store_pumper_offers" name="main" time="24.197"/>
  <system-out/>
</testsuite> <!-- shop_pumper.Store_pumper_offers -->
